\BOOKMARK [0][-]{title.0}{Title}{}% 1
\BOOKMARK [0][-]{toc.0}{Contents}{}% 2
\BOOKMARK [0][-]{chapter.1}{1 Introduction}{}% 3
\BOOKMARK [1][-]{section.1.1}{1.1 Problem Statement}{chapter.1}% 4
\BOOKMARK [1][-]{section.1.2}{1.2 Contributions}{chapter.1}% 5
\BOOKMARK [1][-]{section.1.3}{1.3 Structure of this Document}{chapter.1}% 6
\BOOKMARK [0][-]{chapter.2}{2 Background and Related Work}{}% 7
\BOOKMARK [1][-]{section.2.1}{2.1 Web Application Testing}{chapter.2}% 8
\BOOKMARK [2][-]{subsection.2.1.1}{2.1.1 Browser-Integrated Debugging Tools}{section.2.1}% 9
\BOOKMARK [2][-]{subsection.2.1.2}{2.1.2 Record and Replay}{section.2.1}% 10
\BOOKMARK [1][-]{section.2.2}{2.2 Responsive Web Application Testing}{chapter.2}% 11
\BOOKMARK [2][-]{subsection.2.2.1}{2.2.1 Web Services}{section.2.2}% 12
\BOOKMARK [2][-]{subsection.2.2.2}{2.2.2 Testing with Actual Devices}{section.2.2}% 13
\BOOKMARK [2][-]{subsection.2.2.3}{2.2.3 Device Emulation}{section.2.2}% 14
\BOOKMARK [2][-]{subsection.2.2.4}{2.2.4 Summary}{section.2.2}% 15
\BOOKMARK [1][-]{section.2.3}{2.3 Cross-Device Application Development Frameworks}{chapter.2}% 16
\BOOKMARK [2][-]{subsection.2.3.1}{2.3.1 XD-MVC}{section.2.3}% 17
\BOOKMARK [2][-]{subsection.2.3.2}{2.3.2 Connichiwa}{section.2.3}% 18
\BOOKMARK [2][-]{subsection.2.3.3}{2.3.3 DireWolf}{section.2.3}% 19
\BOOKMARK [2][-]{subsection.2.3.4}{2.3.4 XDStudio}{section.2.3}% 20
\BOOKMARK [2][-]{subsection.2.3.5}{2.3.5 Panelrama}{section.2.3}% 21
\BOOKMARK [2][-]{subsection.2.3.6}{2.3.6 Polychrome}{section.2.3}% 22
\BOOKMARK [2][-]{subsection.2.3.7}{2.3.7 XDSession}{section.2.3}% 23
\BOOKMARK [2][-]{subsection.2.3.8}{2.3.8 WatchConnect}{section.2.3}% 24
\BOOKMARK [2][-]{subsection.2.3.9}{2.3.9 Weave}{section.2.3}% 25
\BOOKMARK [2][-]{subsection.2.3.10}{2.3.10 Summary}{section.2.3}% 26
\BOOKMARK [0][-]{chapter.3}{3 Approach}{}% 27
\BOOKMARK [1][-]{section.3.1}{3.1 Emulation of Multiple Devices}{chapter.3}% 28
\BOOKMARK [1][-]{section.3.2}{3.2 Easy Integration of Real and Emulated Devices}{chapter.3}% 29
\BOOKMARK [1][-]{section.3.3}{3.3 Easy Switching of Device Configurations}{chapter.3}% 30
\BOOKMARK [1][-]{section.3.4}{3.4 Integration with Debugging Tools}{chapter.3}% 31
\BOOKMARK [1][-]{section.3.5}{3.5 Automatic Connection Management}{chapter.3}% 32
\BOOKMARK [1][-]{section.3.6}{3.6 Coordinated Record and Replay}{chapter.3}% 33
\BOOKMARK [0][-]{chapter.4}{4 Implementation}{}% 34
\BOOKMARK [1][-]{section.4.1}{4.1 Architecture}{chapter.4}% 35
\BOOKMARK [1][-]{section.4.2}{4.2 Choice of Technologies}{chapter.4}% 36
\BOOKMARK [2][-]{subsection.4.2.1}{4.2.1 Server Side}{section.4.2}% 37
\BOOKMARK [2][-]{subsection.4.2.2}{4.2.2 DNS Server}{section.4.2}% 38
\BOOKMARK [2][-]{subsection.4.2.3}{4.2.3 Client Side}{section.4.2}% 39
\BOOKMARK [1][-]{section.4.3}{4.3 General Features}{chapter.4}% 40
\BOOKMARK [1][-]{section.4.4}{4.4 Device Emulation}{chapter.4}% 41
\BOOKMARK [1][-]{section.4.5}{4.5 Connecting Real Devices}{chapter.4}% 42
\BOOKMARK [1][-]{section.4.6}{4.6 Shared JavaScript Console}{chapter.4}% 43
\BOOKMARK [1][-]{section.4.7}{4.7 Function Debugging}{chapter.4}% 44
\BOOKMARK [1][-]{section.4.8}{4.8 Shared CSS Editor}{chapter.4}% 45
\BOOKMARK [1][-]{section.4.9}{4.9 Record/Replay}{chapter.4}% 46
\BOOKMARK [0][-]{chapter.5}{5 Sample Applications}{}% 47
\BOOKMARK [1][-]{section.5.1}{5.1 XDCinema}{chapter.5}% 48
\BOOKMARK [2][-]{subsection.5.1.1}{5.1.1 Implementation}{section.5.1}% 49
\BOOKMARK [1][-]{section.5.2}{5.2 XDYouTube}{chapter.5}% 50
\BOOKMARK [2][-]{subsection.5.2.1}{5.2.1 Implementation}{section.5.2}% 51
\BOOKMARK [1][-]{section.5.3}{5.3 Insights}{chapter.5}% 52
\BOOKMARK [0][-]{chapter.6}{6 Evaluation}{}% 53
\BOOKMARK [1][-]{section.6.1}{6.1 Setup}{chapter.6}% 54
\BOOKMARK [2][-]{subsection.6.1.1}{6.1.1 Participants}{section.6.1}% 55
\BOOKMARK [2][-]{subsection.6.1.2}{6.1.2 Tasks}{section.6.1}% 56
\BOOKMARK [2][-]{subsection.6.1.3}{6.1.3 Evaluation Methods}{section.6.1}% 57
\BOOKMARK [1][-]{section.6.2}{6.2 Results}{chapter.6}% 58
\BOOKMARK [2][-]{subsection.6.2.1}{6.2.1 XDCinema: Fixing a Bug}{section.6.2}% 59
\BOOKMARK [2][-]{subsection.6.2.2}{6.2.2 XDCinema: Implementing a Feature}{section.6.2}% 60
\BOOKMARK [2][-]{subsection.6.2.3}{6.2.3 XDYouTube: Fixing a Bug}{section.6.2}% 61
\BOOKMARK [2][-]{subsection.6.2.4}{6.2.4 XDYouTube: Implementing a Feature}{section.6.2}% 62
\BOOKMARK [2][-]{subsection.6.2.5}{6.2.5 General}{section.6.2}% 63
\BOOKMARK [1][-]{section.6.3}{6.3 Discussion}{chapter.6}% 64
\BOOKMARK [0][-]{chapter.7}{7 Conclusion}{}% 65
\BOOKMARK [1][-]{section.7.1}{7.1 Future Work}{chapter.7}% 66
\BOOKMARK [0][-]{appendix.A}{A Questionnaires}{}% 67
