This is pdfTeX, Version 3.14159265-2.6-1.40.16 (MiKTeX 2.9) (preloaded format=pdflatex 2015.9.8)  13 OCT 2015 17:10
entering extended mode
**student-work-template.tex
(student-work-template.tex
LaTeX2e <2015/01/01> patch level 2
Babel <3.9m> and hyphenation patterns for 69 languages loaded.
(globis-book.cls
Document Class: globis-book 2003/02/27 Layout for Globis Book
("C:\Program Files (x86)\MiKTeX 2.91\tex\latex\base\bk11.clo"
File: bk11.clo 2014/09/29 v1.4h Standard LaTeX file (size option)
)
\c@part=\count79
\c@chapter=\count80
\c@section=\count81
\c@subsection=\count82
\c@subsubsection=\count83
\c@paragraph=\count84
\c@subparagraph=\count85
\c@figure=\count86
\c@table=\count87
\abovecaptionskip=\skip41
\belowcaptionskip=\skip42
\bibindent=\dimen102
)
("C:\Program Files (x86)\MiKTeX 2.91\tex\latex\graphics\graphicx.sty"
Package: graphicx 2014/10/28 v1.0g Enhanced LaTeX Graphics (DPC,SPQR)

("C:\Program Files (x86)\MiKTeX 2.91\tex\latex\graphics\keyval.sty"
Package: keyval 2014/10/28 v1.15 key=value parser (DPC)
\KV@toks@=\toks14
)
("C:\Program Files (x86)\MiKTeX 2.91\tex\latex\graphics\graphics.sty"
Package: graphics 2014/10/28 v1.0p Standard LaTeX Graphics (DPC,SPQR)

("C:\Program Files (x86)\MiKTeX 2.91\tex\latex\graphics\trig.sty"
Package: trig 1999/03/16 v1.09 sin cos tan (DPC)
)
("C:\Program Files (x86)\MiKTeX 2.91\tex\latex\00miktex\graphics.cfg"
File: graphics.cfg 2007/01/18 v1.5 graphics configuration of teTeX/TeXLive
)
Package graphics Info: Driver file: pdftex.def on input line 94.

("C:\Program Files (x86)\MiKTeX 2.91\tex\latex\pdftex-def\pdftex.def"
File: pdftex.def 2011/05/27 v0.06d Graphics/color for pdfTeX

("C:\Program Files (x86)\MiKTeX 2.91\tex\generic\oberdiek\infwarerr.sty"
Package: infwarerr 2010/04/08 v1.3 Providing info/warning/error messages (HO)
)
("C:\Program Files (x86)\MiKTeX 2.91\tex\generic\oberdiek\ltxcmds.sty"
Package: ltxcmds 2011/11/09 v1.22 LaTeX kernel commands for general use (HO)
)
\Gread@gobject=\count88
))
\Gin@req@height=\dimen103
\Gin@req@width=\dimen104
)
(C:\Users\heydern\AppData\Roaming\MiKTeX\2.9\tex\latex\quotchap\quotchap.sty
Package: quotchap 2012/10/20 v1.1 Decorative Chapter Headings with Quotes

("C:\Program Files (x86)\MiKTeX 2.91\tex\latex\graphics\color.sty"
Package: color 2014/10/28 v1.1a Standard LaTeX Color (DPC)

("C:\Program Files (x86)\MiKTeX 2.91\tex\latex\00miktex\color.cfg"
File: color.cfg 2007/01/18 v1.5 color configuration of teTeX/TeXLive
)
Package color Info: Driver file: pdftex.def on input line 142.
)
\@quotebox=\box26
)
("C:\Program Files (x86)\MiKTeX 2.91\tex\latex\psnfss\times.sty"
Package: times 2005/04/12 PSNFSS-v9.2a (SPQR) 
) (C:\localtexmf\tex\latex\ETH\ethfont.sty
Package: ethfont 2000/07/26: LaTeX package loading ETH-Font as default sffont
)
("C:\Program Files (x86)\MiKTeX 2.91\tex\generic\babel\babel.sty"
Package: babel 2015/08/03 3.9m The Babel package

*************************************
* Local config file bblopts.cfg used
*
("C:\Program Files (x86)\MiKTeX 2.91\tex\latex\00miktex\bblopts.cfg"
File: bblopts.cfg 2006/07/31 v1.0 MiKTeX 'babel' configuration
)
(C:\Users\heydern\AppData\Roaming\MiKTeX\2.9\tex\latex\babel-english\english.ldf
Language: english 2012/08/20 v3.3p English support from the babel system

("C:\Program Files (x86)\MiKTeX 2.91\tex\generic\babel\babel.def"
File: babel.def 2015/08/03 3.9m Babel common definitions
\babel@savecnt=\count89
\U@D=\dimen105
)
\l@canadian = a dialect from \language\l@american 
\l@australian = a dialect from \language\l@british 
\l@newzealand = a dialect from \language\l@british 
))
("C:\Program Files (x86)\MiKTeX 2.91\tex\latex\tools\longtable.sty"
Package: longtable 2014/10/28 v4.11 Multi-page Table package (DPC)
\LTleft=\skip43
\LTright=\skip44
\LTpre=\skip45
\LTpost=\skip46
\LTchunksize=\count90
\LTcapwidth=\dimen106
\LT@head=\box27
\LT@firsthead=\box28
\LT@foot=\box29
\LT@lastfoot=\box30
\LT@cols=\count91
\LT@rows=\count92
\c@LT@tables=\count93
\c@LT@chunks=\count94
\LT@p@ftn=\toks15
)
(C:\Users\heydern\AppData\Roaming\MiKTeX\2.9\tex\latex\fancyhdr\fancyhdr.sty
\fancy@headwidth=\skip47
\f@ncyO@elh=\skip48
\f@ncyO@erh=\skip49
\f@ncyO@olh=\skip50
\f@ncyO@orh=\skip51
\f@ncyO@elf=\skip52
\f@ncyO@erf=\skip53
\f@ncyO@olf=\skip54
\f@ncyO@orf=\skip55
)
(C:\Users\heydern\AppData\Roaming\MiKTeX\2.9\tex\latex\shadethm\shadethm.sty
Package: shadethm 1999/11/23
\saveparindent=\skip56
\shadeboxsep=\skip57
\shadeboxrule=\skip58
\shadedtextwidth=\skip59
\shadeleftshift=\skip60
\shaderightshift=\skip61
\shadesavebox=\box31
)
("C:\Program Files (x86)\MiKTeX 2.91\tex\latex\base\makeidx.sty"
Package: makeidx 2014/09/29 v1.0m Standard LaTeX package
)
("C:\Program Files (x86)\MiKTeX 2.91\tex\latex\geometry\geometry.sty"
Package: geometry 2010/09/12 v5.6 Page Geometry

("C:\Program Files (x86)\MiKTeX 2.91\tex\generic\oberdiek\ifpdf.sty"
Package: ifpdf 2011/01/30 v2.3 Provides the ifpdf switch (HO)
Package ifpdf Info: pdfTeX in PDF mode is detected.
)
("C:\Program Files (x86)\MiKTeX 2.91\tex\generic\oberdiek\ifvtex.sty"
Package: ifvtex 2010/03/01 v1.5 Detect VTeX and its facilities (HO)
Package ifvtex Info: VTeX not detected.
)
("C:\Program Files (x86)\MiKTeX 2.91\tex\generic\ifxetex\ifxetex.sty"
Package: ifxetex 2010/09/12 v0.6 Provides ifxetex conditional
)
\Gm@cnth=\count95
\Gm@cntv=\count96
\c@Gm@tempcnt=\count97
\Gm@bindingoffset=\dimen107
\Gm@wd@mp=\dimen108
\Gm@odd@mp=\dimen109
\Gm@even@mp=\dimen110
\Gm@layoutwidth=\dimen111
\Gm@layoutheight=\dimen112
\Gm@layouthoffset=\dimen113
\Gm@layoutvoffset=\dimen114
\Gm@dimlist=\toks16

("C:\Program Files (x86)\MiKTeX 2.91\tex\latex\geometry\geometry.cfg")) (globis.sty
Package: globis 2000/11/06 0.1 Globis Style

("C:\Program Files (x86)\MiKTeX 2.91\tex\latex\base\textcomp.sty"
Package: textcomp 2005/09/27 v1.99g Standard LaTeX package
Package textcomp Info: Sub-encoding information:
(textcomp)               5 = only ISO-Adobe without \textcurrency
(textcomp)               4 = 5 + \texteuro
(textcomp)               3 = 4 + \textohm
(textcomp)               2 = 3 + \textestimated + \textcurrency
(textcomp)               1 = TS1 - \textcircled - \t
(textcomp)               0 = TS1 (full)
(textcomp)             Font families with sub-encoding setting implement
(textcomp)             only a restricted character set as indicated.
(textcomp)             Family '?' is the default used for unknown fonts.
(textcomp)             See the documentation for details.
Package textcomp Info: Setting ? sub-encoding to TS1/1 on input line 79.

("C:\Program Files (x86)\MiKTeX 2.91\tex\latex\base\ts1enc.def"
File: ts1enc.def 2001/06/05 v3.0e (jk/car/fm) Standard LaTeX file
)
LaTeX Info: Redefining \oldstylenums on input line 334.
Package textcomp Info: Setting cmr sub-encoding to TS1/0 on input line 349.
Package textcomp Info: Setting cmss sub-encoding to TS1/0 on input line 350.
Package textcomp Info: Setting cmtt sub-encoding to TS1/0 on input line 351.
Package textcomp Info: Setting cmvtt sub-encoding to TS1/0 on input line 352.
Package textcomp Info: Setting cmbr sub-encoding to TS1/0 on input line 353.
Package textcomp Info: Setting cmtl sub-encoding to TS1/0 on input line 354.
Package textcomp Info: Setting ccr sub-encoding to TS1/0 on input line 355.
Package textcomp Info: Setting ptm sub-encoding to TS1/4 on input line 356.
Package textcomp Info: Setting pcr sub-encoding to TS1/4 on input line 357.
Package textcomp Info: Setting phv sub-encoding to TS1/4 on input line 358.
Package textcomp Info: Setting ppl sub-encoding to TS1/3 on input line 359.
Package textcomp Info: Setting pag sub-encoding to TS1/4 on input line 360.
Package textcomp Info: Setting pbk sub-encoding to TS1/4 on input line 361.
Package textcomp Info: Setting pnc sub-encoding to TS1/4 on input line 362.
Package textcomp Info: Setting pzc sub-encoding to TS1/4 on input line 363.
Package textcomp Info: Setting bch sub-encoding to TS1/4 on input line 364.
Package textcomp Info: Setting put sub-encoding to TS1/5 on input line 365.
Package textcomp Info: Setting uag sub-encoding to TS1/5 on input line 366.
Package textcomp Info: Setting ugq sub-encoding to TS1/5 on input line 367.
Package textcomp Info: Setting ul8 sub-encoding to TS1/4 on input line 368.
Package textcomp Info: Setting ul9 sub-encoding to TS1/4 on input line 369.
Package textcomp Info: Setting augie sub-encoding to TS1/5 on input line 370.
Package textcomp Info: Setting dayrom sub-encoding to TS1/3 on input line 371.
Package textcomp Info: Setting dayroms sub-encoding to TS1/3 on input line 372.
Package textcomp Info: Setting pxr sub-encoding to TS1/0 on input line 373.
Package textcomp Info: Setting pxss sub-encoding to TS1/0 on input line 374.
Package textcomp Info: Setting pxtt sub-encoding to TS1/0 on input line 375.
Package textcomp Info: Setting txr sub-encoding to TS1/0 on input line 376.
Package textcomp Info: Setting txss sub-encoding to TS1/0 on input line 377.
Package textcomp Info: Setting txtt sub-encoding to TS1/0 on input line 378.
Package textcomp Info: Setting lmr sub-encoding to TS1/0 on input line 379.
Package textcomp Info: Setting lmdh sub-encoding to TS1/0 on input line 380.
Package textcomp Info: Setting lmss sub-encoding to TS1/0 on input line 381.
Package textcomp Info: Setting lmssq sub-encoding to TS1/0 on input line 382.
Package textcomp Info: Setting lmvtt sub-encoding to TS1/0 on input line 383.
Package textcomp Info: Setting lmtt sub-encoding to TS1/0 on input line 384.
Package textcomp Info: Setting qhv sub-encoding to TS1/0 on input line 385.
Package textcomp Info: Setting qag sub-encoding to TS1/0 on input line 386.
Package textcomp Info: Setting qbk sub-encoding to TS1/0 on input line 387.
Package textcomp Info: Setting qcr sub-encoding to TS1/0 on input line 388.
Package textcomp Info: Setting qcs sub-encoding to TS1/0 on input line 389.
Package textcomp Info: Setting qpl sub-encoding to TS1/0 on input line 390.
Package textcomp Info: Setting qtm sub-encoding to TS1/0 on input line 391.
Package textcomp Info: Setting qzc sub-encoding to TS1/0 on input line 392.
Package textcomp Info: Setting qhvc sub-encoding to TS1/0 on input line 393.
Package textcomp Info: Setting futs sub-encoding to TS1/4 on input line 394.
Package textcomp Info: Setting futx sub-encoding to TS1/4 on input line 395.
Package textcomp Info: Setting futj sub-encoding to TS1/4 on input line 396.
Package textcomp Info: Setting hlh sub-encoding to TS1/3 on input line 397.
Package textcomp Info: Setting hls sub-encoding to TS1/3 on input line 398.
Package textcomp Info: Setting hlst sub-encoding to TS1/3 on input line 399.
Package textcomp Info: Setting hlct sub-encoding to TS1/5 on input line 400.
Package textcomp Info: Setting hlx sub-encoding to TS1/5 on input line 401.
Package textcomp Info: Setting hlce sub-encoding to TS1/5 on input line 402.
Package textcomp Info: Setting hlcn sub-encoding to TS1/5 on input line 403.
Package textcomp Info: Setting hlcw sub-encoding to TS1/5 on input line 404.
Package textcomp Info: Setting hlcf sub-encoding to TS1/5 on input line 405.
Package textcomp Info: Setting pplx sub-encoding to TS1/3 on input line 406.
Package textcomp Info: Setting pplj sub-encoding to TS1/3 on input line 407.
Package textcomp Info: Setting ptmx sub-encoding to TS1/4 on input line 408.
Package textcomp Info: Setting ptmj sub-encoding to TS1/4 on input line 409.
)
("C:\Program Files (x86)\MiKTeX 2.91\tex\latex\ltxmisc\relsize.sty"
Package: relsize 2003/07/04 ver 3.1
)
("C:\Program Files (x86)\MiKTeX 2.91\tex\latex\base\alltt.sty"
Package: alltt 1997/06/16 v2.0g defines alltt environment
)
LaTeX Info: Redefining \textsubscript on input line 46.
\c@series=\count98
\c@exercise=\count99
\c@task=\count100
\c@solution=\count101

Pagestyle 'globis'
) ("C:\Program Files (x86)\MiKTeX 2.91\tex\latex\float\float.sty"
Package: float 2001/11/08 v1.3d Float enhancements (AL)
\c@float@type=\count102
\float@exts=\toks17
\float@box=\box32
\@float@everytoks=\toks18
\@floatcapt=\box33
)
(C:\Users\heydern\AppData\Roaming\MiKTeX\2.9\tex\latex\listings\listings.sty
\lst@mode=\count103
\lst@gtempboxa=\box34
\lst@token=\toks19
\lst@length=\count104
\lst@currlwidth=\dimen115
\lst@column=\count105
\lst@pos=\count106
\lst@lostspace=\dimen116
\lst@width=\dimen117
\lst@newlines=\count107
\lst@lineno=\count108
\lst@maxwidth=\dimen118

(C:\Users\heydern\AppData\Roaming\MiKTeX\2.9\tex\latex\listings\lstmisc.sty
File: lstmisc.sty 2015/06/04 1.6 (Carsten Heinz)
\c@lstnumber=\count109
\lst@skipnumbers=\count110
\lst@framebox=\box35
)
(C:\Users\heydern\AppData\Roaming\MiKTeX\2.9\tex\latex\listings\listings.cfg
File: listings.cfg 2015/06/04 1.6 listings configuration
))
Package: listings 2015/06/04 1.6 (Carsten Heinz)

(C:\Users\heydern\AppData\Roaming\MiKTeX\2.9\tex\latex\pdfpages\pdfpages.sty
Package: pdfpages 2015/08/16 v0.5c Insert pages of external PDF documents (AM)

("C:\Program Files (x86)\MiKTeX 2.91\tex\latex\base\ifthen.sty"
Package: ifthen 2014/09/29 v1.1c Standard LaTeX ifthen package (DPC)
)
("C:\Program Files (x86)\MiKTeX 2.91\tex\latex\tools\calc.sty"
Package: calc 2014/10/28 v4.3 Infix arithmetic (KKT,FJ)
\calc@Acount=\count111
\calc@Bcount=\count112
\calc@Adimen=\dimen119
\calc@Bdimen=\dimen120
\calc@Askip=\skip62
\calc@Bskip=\skip63
LaTeX Info: Redefining \setlength on input line 80.
LaTeX Info: Redefining \addtolength on input line 81.
\calc@Ccount=\count113
\calc@Cskip=\skip64
)
(C:\Users\heydern\AppData\Roaming\MiKTeX\2.9\tex\latex\eso-pic\eso-pic.sty
Package: eso-pic 2015/07/21 v2.0g eso-pic (RN)

("C:\Program Files (x86)\MiKTeX 2.91\tex\generic\oberdiek\atbegshi.sty"
Package: atbegshi 2011/10/05 v1.16 At begin shipout hook (HO)
))
\AM@pagewidth=\dimen121
\AM@pageheight=\dimen122

(C:\Users\heydern\AppData\Roaming\MiKTeX\2.9\tex\latex\pdfpages\pppdftex.def
File: pppdftex.def 2015/08/16 v0.5c Pdfpages driver for pdfTeX (AM)
)
("C:\Program Files (x86)\MiKTeX 2.91\tex\latex\oberdiek\pdflscape.sty"
Package: pdflscape 2008/08/11 v0.10 Display of landscape pages in PDF (HO)

("C:\Program Files (x86)\MiKTeX 2.91\tex\latex\graphics\lscape.sty"
Package: lscape 2000/10/22 v3.01 Landscape Pages (DPC)
)
Package pdflscape Info: Auto-detected driver: pdftex on input line 80.
)
\AM@pagebox=\box36
\AM@toc@title=\toks20
\c@AM@survey=\count114
\AM@templatesizebox=\box37
)
(C:\Users\heydern\AppData\Roaming\MiKTeX\2.9\tex\latex\caption\subcaption.sty
Package: subcaption 2015/09/15 v1.1-100 Sub-captions (AR)

(C:\Users\heydern\AppData\Roaming\MiKTeX\2.9\tex\latex\caption\caption.sty
Package: caption 2015/09/17 v3.3-111 Customizing captions (AR)

(C:\Users\heydern\AppData\Roaming\MiKTeX\2.9\tex\latex\caption\caption3.sty
Package: caption3 2015/09/20 v1.7-115 caption3 kernel (AR)
Package caption3 Info: TeX engine: e-TeX on input line 57.
\captionmargin=\dimen123
\captionmargin@=\dimen124
\captionwidth=\dimen125
\caption@tempdima=\dimen126
\caption@indent=\dimen127
\caption@parindent=\dimen128
\caption@hangindent=\dimen129
)
\c@ContinuedFloat=\count115
Package caption Info: float package is loaded.
Package caption Info: listings package is loaded.
Package caption Info: longtable package is loaded.

(C:\Users\heydern\AppData\Roaming\MiKTeX\2.9\tex\latex\caption\ltcaption.sty
Package: ltcaption 2013/06/09 v1.4-94 longtable captions (AR)
))
\c@subfigure=\count116
\c@subtable=\count117
)
("C:\Program Files (x86)\MiKTeX 2.91\tex\latex\hyperref\hyperref.sty"
Package: hyperref 2012/11/06 v6.83m Hypertext links for LaTeX

("C:\Program Files (x86)\MiKTeX 2.91\tex\generic\oberdiek\hobsub-hyperref.sty"
Package: hobsub-hyperref 2012/04/25 v1.12 Bundle oberdiek, subset hyperref (HO)

("C:\Program Files (x86)\MiKTeX 2.91\tex\generic\oberdiek\hobsub-generic.sty"
Package: hobsub-generic 2012/04/25 v1.12 Bundle oberdiek, subset generic (HO)
Package: hobsub 2012/04/25 v1.12 Construct package bundles (HO)
Package hobsub Info: Skipping package `infwarerr' (already loaded).
Package hobsub Info: Skipping package `ltxcmds' (already loaded).
Package: ifluatex 2010/03/01 v1.3 Provides the ifluatex switch (HO)
Package ifluatex Info: LuaTeX not detected.
Package hobsub Info: Skipping package `ifvtex' (already loaded).
Package: intcalc 2007/09/27 v1.1 Expandable calculations with integers (HO)
Package hobsub Info: Skipping package `ifpdf' (already loaded).
Package: etexcmds 2011/02/16 v1.5 Avoid name clashes with e-TeX commands (HO)
Package etexcmds Info: Could not find \expanded.
(etexcmds)             That can mean that you are not using pdfTeX 1.50 or
(etexcmds)             that some package has redefined \expanded.
(etexcmds)             In the latter case, load this package earlier.
Package: kvsetkeys 2012/04/25 v1.16 Key value parser (HO)
Package: kvdefinekeys 2011/04/07 v1.3 Define keys (HO)
Package: pdftexcmds 2011/11/29 v0.20 Utility functions of pdfTeX for LuaTeX (HO)
Package pdftexcmds Info: LuaTeX not detected.
Package pdftexcmds Info: \pdf@primitive is available.
Package pdftexcmds Info: \pdf@ifprimitive is available.
Package pdftexcmds Info: \pdfdraftmode found.
Package: pdfescape 2011/11/25 v1.13 Implements pdfTeX's escape features (HO)
Package: bigintcalc 2012/04/08 v1.3 Expandable calculations on big integers (HO)
Package: bitset 2011/01/30 v1.1 Handle bit-vector datatype (HO)
Package: uniquecounter 2011/01/30 v1.2 Provide unlimited unique counter (HO)
)
Package hobsub Info: Skipping package `hobsub' (already loaded).
Package: letltxmacro 2010/09/02 v1.4 Let assignment for LaTeX macros (HO)
Package: hopatch 2011/06/24 v1.1 Wrapper for package hooks (HO)
Package: xcolor-patch 2011/01/30 xcolor patch
Package: atveryend 2011/06/30 v1.8 Hooks at the very end of document (HO)
Package atveryend Info: \enddocument detected (standard20110627).
Package hobsub Info: Skipping package `atbegshi' (already loaded).
Package: refcount 2011/10/16 v3.4 Data extraction from label references (HO)
Package: hycolor 2011/01/30 v1.7 Color options for hyperref/bookmark (HO)
)
("C:\Program Files (x86)\MiKTeX 2.91\tex\latex\oberdiek\auxhook.sty"
Package: auxhook 2011/03/04 v1.3 Hooks for auxiliary files (HO)
)
("C:\Program Files (x86)\MiKTeX 2.91\tex\latex\oberdiek\kvoptions.sty"
Package: kvoptions 2011/06/30 v3.11 Key value format for package options (HO)
)
\@linkdim=\dimen130
\Hy@linkcounter=\count118
\Hy@pagecounter=\count119

("C:\Program Files (x86)\MiKTeX 2.91\tex\latex\hyperref\pd1enc.def"
File: pd1enc.def 2012/11/06 v6.83m Hyperref: PDFDocEncoding definition (HO)
)
\Hy@SavedSpaceFactor=\count120

("C:\Program Files (x86)\MiKTeX 2.91\tex\latex\00miktex\hyperref.cfg"
File: hyperref.cfg 2002/06/06 v1.2 hyperref configuration of TeXLive
)
Package hyperref Info: Hyper figures OFF on input line 4443.
Package hyperref Info: Link nesting OFF on input line 4448.
Package hyperref Info: Hyper index ON on input line 4451.
Package hyperref Info: Plain pages OFF on input line 4458.
Package hyperref Info: Backreferencing OFF on input line 4463.
Package hyperref Info: Implicit mode ON; LaTeX internals redefined.
Package hyperref Info: Bookmarks ON on input line 4688.
\c@Hy@tempcnt=\count121

(C:\Users\heydern\AppData\Roaming\MiKTeX\2.9\tex\latex\url\url.sty
\Urlmuskip=\muskip10
Package: url 2013/09/16  ver 3.4  Verb mode for urls, etc.
)
LaTeX Info: Redefining \url on input line 5041.
\XeTeXLinkMargin=\dimen131
\Fld@menulength=\count122
\Field@Width=\dimen132
\Fld@charsize=\dimen133
Package hyperref Info: Hyper figures OFF on input line 6295.
Package hyperref Info: Link nesting OFF on input line 6300.
Package hyperref Info: Hyper index ON on input line 6303.
Package hyperref Info: backreferencing OFF on input line 6310.
Package hyperref Info: Link coloring OFF on input line 6315.
Package hyperref Info: Link coloring with OCG OFF on input line 6320.
Package hyperref Info: PDF/A mode OFF on input line 6325.
LaTeX Info: Redefining \ref on input line 6365.
LaTeX Info: Redefining \pageref on input line 6369.
\Hy@abspage=\count123
\c@Item=\count124
\c@Hfootnote=\count125
)

Package hyperref Message: Driver (autodetected): hpdftex.

("C:\Program Files (x86)\MiKTeX 2.91\tex\latex\hyperref\hpdftex.def"
File: hpdftex.def 2012/11/06 v6.83m Hyperref driver for pdfTeX
\Fld@listcount=\count126
\c@bookmark@seq@number=\count127

("C:\Program Files (x86)\MiKTeX 2.91\tex\latex\oberdiek\rerunfilecheck.sty"
Package: rerunfilecheck 2011/04/15 v1.7 Rerun checks for auxiliary files (HO)
Package uniquecounter Info: New unique counter `rerunfilecheck' on input line 282.
)
\Hy@SectionHShift=\skip65
)
Package hyperref Info: Option `plainpages' set `false' on input line 86.
Package hyperref Info: Option `bookmarksnumbered' set `true' on input line 86.
\@indexfile=\write3

Writing index file student-work-template.idx
(student-work-template.aux (chapters/introduction.aux) (chapters/background.aux) (chapters/requirements.aux)
(chapters/xdtools.aux) (chapters/implementation.aux) (chapters/sample_apps.aux) (chapters/evaluation.aux)
(chapters/conclusion.aux))
LaTeX Font Info:    Checking defaults for OML/cmm/m/it on input line 106.
LaTeX Font Info:    ... okay on input line 106.
LaTeX Font Info:    Checking defaults for T1/cmr/m/n on input line 106.
LaTeX Font Info:    ... okay on input line 106.
LaTeX Font Info:    Checking defaults for OT1/cmr/m/n on input line 106.
LaTeX Font Info:    ... okay on input line 106.
LaTeX Font Info:    Checking defaults for OMS/cmsy/m/n on input line 106.
LaTeX Font Info:    ... okay on input line 106.
LaTeX Font Info:    Checking defaults for OMX/cmex/m/n on input line 106.
LaTeX Font Info:    ... okay on input line 106.
LaTeX Font Info:    Checking defaults for U/cmr/m/n on input line 106.
LaTeX Font Info:    ... okay on input line 106.
LaTeX Font Info:    Checking defaults for TS1/cmr/m/n on input line 106.
LaTeX Font Info:    Try loading font information for TS1+cmr on input line 106.
 ("C:\Program Files (x86)\MiKTeX 2.91\tex\latex\base\ts1cmr.fd"
File: ts1cmr.fd 2014/09/29 v2.5h Standard LaTeX font definitions
)
LaTeX Font Info:    ... okay on input line 106.
LaTeX Font Info:    Checking defaults for PD1/pdf/m/n on input line 106.
LaTeX Font Info:    ... okay on input line 106.
LaTeX Font Info:    Try loading font information for OT1+ptm on input line 106.

("C:\Program Files (x86)\MiKTeX 2.91\tex\latex\psnfss\ot1ptm.fd"
File: ot1ptm.fd 2001/06/04 font definitions for OT1/ptm.
)
(C:\Users\heydern\AppData\Roaming\MiKTeX\2.9\tex\context\base\supp-pdf.mkii
[Loading MPS to PDF converter (version 2006.09.02).]
\scratchcounter=\count128
\scratchdimen=\dimen134
\scratchbox=\box38
\nofMPsegments=\count129
\nofMParguments=\count130
\everyMPshowfont=\toks21
\MPscratchCnt=\count131
\MPscratchDim=\dimen135
\MPnumerator=\count132
\makeMPintoPDFobject=\count133
\everyMPtoPDFconversion=\toks22
)
*geometry* driver: auto-detecting
*geometry* detected driver: pdftex
*geometry* verbose mode - [ preamble ] result:
* driver: pdftex
* paper: a4paper
* layout: <same size as paper>
* layoutoffset:(h,v)=(0.0pt,0.0pt)
* modes: twoside 
* h-part:(L,W,R)=(92.47145pt, 405.45178pt, 99.58464pt)
* v-part:(T,H,B)=(99.58464pt, 631.65118pt, 113.81102pt)
* \paperwidth=597.50787pt
* \paperheight=845.04684pt
* \textwidth=405.45178pt
* \textheight=631.65118pt
* \oddsidemargin=20.20146pt
* \evensidemargin=27.31465pt
* \topmargin=-4.55914pt
* \headheight=12.0pt
* \headsep=19.8738pt
* \topskip=11.0pt
* \footskip=27.46295pt
* \marginparwidth=106.0pt
* \marginparsep=7.0pt
* \columnsep=10.0pt
* \skip\footins=10.0pt plus 4.0pt minus 2.0pt
* \hoffset=0.0pt
* \voffset=0.0pt
* \mag=1000
* \@twocolumnfalse
* \@twosidetrue
* \@mparswitchtrue
* \@reversemarginfalse
* (1in=72.27pt=25.4mm, 1cm=28.453pt)

\c@lstlisting=\count134
\AtBeginShipoutBox=\box39
Package caption Info: Begin \AtBeginDocument code.
Package caption Info: hyperref package is loaded.
Package caption Info: End \AtBeginDocument code.
Package hyperref Info: Link coloring OFF on input line 106.
("C:\Program Files (x86)\MiKTeX 2.91\tex\latex\hyperref\nameref.sty"
Package: nameref 2012/10/27 v2.43 Cross-referencing by name of section

("C:\Program Files (x86)\MiKTeX 2.91\tex\generic\oberdiek\gettitlestring.sty"
Package: gettitlestring 2010/12/03 v1.4 Cleanup title references (HO)
)
\c@section@level=\count135
)
LaTeX Info: Redefining \ref on input line 106.
LaTeX Info: Redefining \pageref on input line 106.
LaTeX Info: Redefining \nameref on input line 106.
 (student-work-template.out)
(student-work-template.out)
\@outlinefile=\write4
\centeroffset=\skip66
LaTeX Font Info:    Try loading font information for OT1+let on input line 109.
 (C:\localtexmf\tex\latex\ETH\ot1let.fd
File: ot1let.fd 2000/07/26 Fontinst v1.801 font definitions for OT1/let.
)
LaTeX Font Info:    Font shape `OT1/let/bx/n' in size <24.88> not available
(Font)              Font shape `OT1/let/b/n' tried instead on input line 109.
LaTeX Font Info:    External font `cmex10' loaded for size
(Font)              <10.95> on input line 109.
LaTeX Font Info:    External font `cmex10' loaded for size
(Font)              <8> on input line 109.
LaTeX Font Info:    External font `cmex10' loaded for size
(Font)              <6> on input line 109.
LaTeX Font Info:    Font shape `OT1/let/bx/n' in size <17.28> not available
(Font)              Font shape `OT1/let/b/n' tried instead on input line 109.
LaTeX Font Info:    External font `cmex10' loaded for size
(Font)              <14.4> on input line 109.
LaTeX Font Info:    External font `cmex10' loaded for size
(Font)              <7> on input line 109.
 <eth.pdf, id=327, 179.67125pt x 45.16875pt>
File: eth.pdf Graphic file (type pdf)

<use eth.pdf>
Package pdftex.def Info: eth.pdf used on input line 109.
(pdftex.def)             Requested size: 113.17976pt x 28.45274pt.
 <globis.pdf, id=328, 525.965pt x 198.7425pt>
File: globis.pdf Graphic file (type pdf)
 <use globis.pdf>
Package pdftex.def Info: globis.pdf used on input line 109.
(pdftex.def)             Requested size: 75.29588pt x 28.45274pt.
 [1



{C:/Users/heydern/AppData/Local/MiKTeX/2.9/pdftex/config/pdftex.map} <./eth.pdf> <./globis.pdf>]
LaTeX Font Info:    Try loading font information for TS1+let on input line 109.
 (C:\localtexmf\tex\latex\ETH\ts1let.fd
File: ts1let.fd 2000/07/26 Fontinst v1.801 font definitions for TS1/let.
) [2]
LaTeX Font Info:    Font shape `OT1/let/bx/n' in size <20.74> not available
(Font)              Font shape `OT1/let/b/n' tried instead on input line 113.
LaTeX Font Info:    Try loading font information for T1+phv on input line 113.

("C:\Program Files (x86)\MiKTeX 2.91\tex\latex\psnfss\t1phv.fd"
File: t1phv.fd 2001/06/04 scalable font definitions for T1/phv.
)
LaTeX Font Info:    Font shape `OT1/let/bx/n' in size <10.95> not available
(Font)              Font shape `OT1/let/b/n' tried instead on input line 117.
LaTeX Font Info:    Font shape `OT1/let/bx/n' in size <10> not available
(Font)              Font shape `OT1/let/b/n' tried instead on input line 117.
 [3


] [4

] (student-work-template.toc [5] [6])
\tf@toc=\write5
 [7]
[8

] (chapters/introduction.tex
Chapter 1.
LaTeX Font Info:    External font `cmex10' loaded for size
(Font)              <9> on input line 3.
LaTeX Font Info:    External font `cmex10' loaded for size
(Font)              <5> on input line 3.
LaTeX Font Info:    Try loading font information for OT1+pcr on input line 3.
("C:\Program Files (x86)\MiKTeX 2.91\tex\latex\psnfss\ot1pcr.fd"
File: ot1pcr.fd 2001/06/04 font definitions for OT1/pcr.
) [1


]
LaTeX Font Info:    Font shape `OT1/let/bx/n' in size <14.4> not available
(Font)              Font shape `OT1/let/b/n' tried instead on input line 13.
 [2]
LaTeX Font Info:    Try loading font information for TS1+ptm on input line 25.

("C:\Program Files (x86)\MiKTeX 2.91\tex\latex\psnfss\ts1ptm.fd"
File: ts1ptm.fd 2001/06/04 font definitions for TS1/ptm.
) [3]) [4] (chapters/background.tex
Chapter 2.
LaTeX Font Info:    Font shape `OT1/let/bx/n' in size <12> not available
(Font)              Font shape `OT1/let/b/n' tried instead on input line 9.
[5



] <images/relatedwork/chrome_devtools_3.png, id=507, 693.34032pt x 274.02374pt>
File: images/relatedwork/chrome_devtools_3.png Graphic file (type png)

<use images/relatedwork/chrome_devtools_3.png>
Package pdftex.def Info: images/relatedwork/chrome_devtools_3.png used on input line 19.
(pdftex.def)             Requested size: 405.45178pt x 160.2468pt.
 [6 <./images/relatedwork/chrome_devtools_3.png>]
<images/relatedwork/timelapse.png, id=527, 959.83594pt x 236.38312pt>
File: images/relatedwork/timelapse.png Graphic file (type png)
 <use images/relatedwork/timelapse.png>
Package pdftex.def Info: images/relatedwork/timelapse.png used on input line 44.
(pdftex.def)             Requested size: 405.45178pt x 99.85373pt.
 [7]
[8 <./images/relatedwork/timelapse.png>] [9] [10]
<images/relatedwork/cross_browser_testing_2.png, id=578, 1010.27437pt x 534.49687pt>
File: images/relatedwork/cross_browser_testing_2.png Graphic file (type png)

<use images/relatedwork/cross_browser_testing_2.png>
Package pdftex.def Info: images/relatedwork/cross_browser_testing_2.png used on input line 98.
(pdftex.def)             Requested size: 405.45178pt x 214.51266pt.
 [11 <./images/relatedwork/cross_browser_testing_2.png>]
<images/relatedwork/browser_sync_4.png, id=594, 863.47594pt x 415.5525pt>
File: images/relatedwork/browser_sync_4.png Graphic file (type png)
 <use images/relatedwork/browser_sync_4.png>
Package pdftex.def Info: images/relatedwork/browser_sync_4.png used on input line 117.
(pdftex.def)             Requested size: 405.45178pt x 195.12581pt.

[12 <./images/relatedwork/browser_sync_4.png>] <images/relatedwork/stf_2.png, id=611, 776.14969pt x 587.19376pt>
File: images/relatedwork/stf_2.png Graphic file (type png)

<use images/relatedwork/stf_2.png>
Package pdftex.def Info: images/relatedwork/stf_2.png used on input line 136.
(pdftex.def)             Requested size: 324.36266pt x 245.40115pt.
 [13 <./images/relatedwork/stf_2.png>]
<images/relatedwork/device_mode_2.png, id=624, 523.9575pt x 348.55219pt>
File: images/relatedwork/device_mode_2.png Graphic file (type png)
 <use images/relatedwork/device_mode_2.png>
Package pdftex.def Info: images/relatedwork/device_mode_2.png used on input line 151.
(pdftex.def)             Requested size: 324.36266pt x 215.78099pt.

[14 <./images/relatedwork/device_mode_2.png>] <images/relatedwork/xdstudio.png, id=634, 751.30687pt x 457.71pt>
File: images/relatedwork/xdstudio.png Graphic file (type png)

<use images/relatedwork/xdstudio.png>
Package pdftex.def Info: images/relatedwork/xdstudio.png used on input line 178.
(pdftex.def)             Requested size: 324.36266pt x 197.60765pt.
 [15] [16 <./images/relatedwork/xdstudio.png>] [17] [18]) [19]
(chapters/requirements.tex [20



]
Chapter 3.
[21] <images/difference_scaling_resizing.pdf, id=691, 504.08777pt x 446.70879pt>
File: images/difference_scaling_resizing.pdf Graphic file (type pdf)

<use images/difference_scaling_resizing.pdf>
Package pdftex.def Info: images/difference_scaling_resizing.pdf used on input line 23.
(pdftex.def)             Requested size: 405.45178pt x 359.31694pt.
 [22] [23 <./images/difference_scaling_resizing.pdf>] [24] [25]
<images/css_aggregation_4.pdf, id=717, 947.9512pt x 638.84576pt>
File: images/css_aggregation_4.pdf Graphic file (type pdf)
 <use images/css_aggregation_4.pdf>
Package pdftex.def Info: images/css_aggregation_4.pdf used on input line 61.
(pdftex.def)             Requested size: 405.45178pt x 273.24586pt.
 [26 <./images/css_aggregation_4.pdf>]) [27] (chapters/xdtools.tex [28



]
Chapter 4.
<images/screenshots/complete_3.png, id=739, 1927.2pt x 1142.2675pt>
File: images/screenshots/complete_3.png Graphic file (type png)
 <use images/screenshots/complete_3.png>
Package pdftex.def Info: images/screenshots/complete_3.png used on input line 11.
(pdftex.def)             Requested size: 405.45178pt x 240.30156pt.
 [29]
<images/screenshots/remote_device.jpg, id=747, 4662.41875pt x 2875.74374pt>
File: images/screenshots/remote_device.jpg Graphic file (type jpg)
 <use images/screenshots/remote_device.jpg>
Package pdftex.def Info: images/screenshots/remote_device.jpg used on input line 34.
(pdftex.def)             Requested size: 405.45178pt x 250.0736pt.

[30 <./images/screenshots/complete_3.png>] <images/screenshots/options.png, id=755, 456.20438pt x 242.40562pt>
File: images/screenshots/options.png Graphic file (type png)

<use images/screenshots/options.png>
Package pdftex.def Info: images/screenshots/options.png used on input line 43.
(pdftex.def)             Requested size: 364.90413pt x 193.89885pt.
 [31 <./images/screenshots/remote_device.jpg> <./images/screenshots/options.png>]
<images/screenshots/active_inactive.png, id=762, 371.88937pt x 20.32594pt>
File: images/screenshots/active_inactive.png Graphic file (type png)
 <use images/screenshots/active_inactive.png>
Package pdftex.def Info: images/screenshots/active_inactive.png used on input line 58.
(pdftex.def)             Requested size: 324.36266pt x 17.7287pt.

<images/screenshots/adding_device_predefined.png, id=764, 462.97969pt x 472.76625pt>
File: images/screenshots/adding_device_predefined.png Graphic file (type png)

<use images/screenshots/adding_device_predefined.png>
Package pdftex.def Info: images/screenshots/adding_device_predefined.png used on input line 76.
(pdftex.def)             Requested size: 324.36266pt x 331.22267pt.
 [32 <./images/screenshots/active_inactive.png>]
<images/screenshots/emulated_device_3.png, id=771, 498.36188pt x 362.10281pt>
File: images/screenshots/emulated_device_3.png Graphic file (type png)

<use images/screenshots/emulated_device_3.png>
Package pdftex.def Info: images/screenshots/emulated_device_3.png used on input line 85.
(pdftex.def)             Requested size: 324.36266pt x 235.6845pt.
 [33 <./images/screenshots/adding_device_predefined.png>]
<images/screenshots/settings_menu_2.png, id=779, 497.60907pt x 219.82124pt>
File: images/screenshots/settings_menu_2.png Graphic file (type png)

<use images/screenshots/settings_menu_2.png>
Package pdftex.def Info: images/screenshots/settings_menu_2.png used on input line 104.
(pdftex.def)             Requested size: 324.36266pt x 143.29132pt.
 [34 <./images/screenshots/emulated_device_3.png>]
<images/screenshots/remote_device.png, id=787, 231.11343pt x 177.66376pt>
File: images/screenshots/remote_device.png Graphic file (type png)
 <use images/screenshots/remote_device.png>
Package pdftex.def Info: images/screenshots/remote_device.png used on input line 123.
(pdftex.def)             Requested size: 202.72589pt x 155.84305pt.

[35 <./images/screenshots/settings_menu_2.png>] [36 <./images/screenshots/remote_device.png>]
<images/screenshots/session_management_2.png, id=800, 295.85532pt x 120.45pt>
File: images/screenshots/session_management_2.png Graphic file (type png)

<use images/screenshots/session_management_2.png>
Package pdftex.def Info: images/screenshots/session_management_2.png used on input line 148.
(pdftex.def)             Requested size: 243.27353pt x 99.0453pt.

<images/screenshots/stack_trace_4.png, id=802, 672.26157pt x 93.34875pt>
File: images/screenshots/stack_trace_4.png Graphic file (type png)
 <use images/screenshots/stack_trace_4.png>
Package pdftex.def Info: images/screenshots/stack_trace_4.png used on input line 163.
(pdftex.def)             Requested size: 405.45178pt x 56.30025pt.

[37 <./images/screenshots/session_management_2.png> <./images/screenshots/stack_trace_4.png>]
<images/screenshots/js_console_3.png, id=810, 482.55281pt x 235.63031pt>
File: images/screenshots/js_console_3.png Graphic file (type png)
 <use images/screenshots/js_console_3.png>
Package pdftex.def Info: images/screenshots/js_console_3.png used on input line 187.
(pdftex.def)             Requested size: 405.45178pt x 197.98923pt.

[38] <images/screenshots/function_debugging_complete.png, id=817, 1927.2pt x 1137.4997pt>
File: images/screenshots/function_debugging_complete.png Graphic file (type png)

<use images/screenshots/function_debugging_complete.png>
Package pdftex.def Info: images/screenshots/function_debugging_complete.png used on input line 202.
(pdftex.def)             Requested size: 405.45178pt x 239.29855pt.
 [39 <./images/screenshots/js_console_3.png>] [40 <./images/screenshots/function_debugging_complete.png>] <images/screen
shots/css_autocomplete.png, id=828, 676.02562pt x 59.47218pt>
File: images/screenshots/css_autocomplete.png Graphic file (type png)

<use images/screenshots/css_autocomplete.png>
Package pdftex.def Info: images/screenshots/css_autocomplete.png used on input line 227.
(pdftex.def)             Requested size: 405.45178pt x 35.66997pt.
 <images/screenshots/css_editor.png, id=830, 532.23843pt x 179.92218pt>
File: images/screenshots/css_editor.png Graphic file (type png)

<use images/screenshots/css_editor.png>
Package pdftex.def Info: images/screenshots/css_editor.png used on input line 236.
(pdftex.def)             Requested size: 405.45178pt x 137.06622pt.
 <images/screenshots/emulated_device_4.png, id=832, 377.91188pt x 331.99031pt>
File: images/screenshots/emulated_device_4.png Graphic file (type png)

<use images/screenshots/emulated_device_4.png>
Package pdftex.def Info: images/screenshots/emulated_device_4.png used on input line 245.
(pdftex.def)             Requested size: 202.72589pt x 178.09177pt.
 [41 <./images/screenshots/css_autocomplete.png> <./images/screenshots/css_editor.png> <./images/screenshots/emulated_de
vice_4.png>]
<images/screenshots/session_management.png, id=843, 381.67593pt x 124.21407pt>
File: images/screenshots/session_management.png Graphic file (type png)

<use images/screenshots/session_management.png>
Package pdftex.def Info: images/screenshots/session_management.png used on input line 258.
(pdftex.def)             Requested size: 243.27353pt x 79.17072pt.

<images/screenshots/record_replay_2.png, id=845, 575.90157pt x 547.2947pt>
File: images/screenshots/record_replay_2.png Graphic file (type png)
 <use images/screenshots/record_replay_2.png>
Package pdftex.def Info: images/screenshots/record_replay_2.png used on input line 273.
(pdftex.def)             Requested size: 405.45178pt x 385.32504pt.

[42 <./images/screenshots/session_management.png>]) [43 <./images/screenshots/record_replay_2.png>]
(chapters/implementation.tex [44



]
Chapter 5.
<images/architecture_2.pdf, id=862, 710.36993pt x 396.91559pt>
File: images/architecture_2.pdf Graphic file (type pdf)
 <use images/architecture_2.pdf>
Package pdftex.def Info: images/architecture_2.pdf used on input line 13.
(pdftex.def)             Requested size: 405.45178pt x 226.54704pt.
 [45] [46 <./images/architecture_2.pdf>] [47] [48] [49] [50] [51] <images/screenshots/warning.png, id=964, 308.65312pt x
 65.49469pt>
File: images/screenshots/warning.png Graphic file (type png)

<use images/screenshots/warning.png>
Package pdftex.def Info: images/screenshots/warning.png used on input line 126.
(pdftex.def)             Requested size: 243.27353pt x 51.62329pt.
 [52 <./images/screenshots/warning.png>] [53] [54] [55]) [56]
(chapters/sample_apps.tex
Chapter 6.
[57



] <images/screenshots/xdcinema_5_labeled.png, id=1014, 1071.00125pt x 727.71875pt>
File: images/screenshots/xdcinema_5_labeled.png Graphic file (type png)

<use images/screenshots/xdcinema_5_labeled.png>
Package pdftex.def Info: images/screenshots/xdcinema_5_labeled.png used on input line 17.
(pdftex.def)             Requested size: 405.45178pt x 275.4922pt.
 [58 <./images/screenshots/xdcinema_5_labeled.png>]
<images/screenshots/xdyt/player_2.png, id=1021, 1458.95062pt x 901.86937pt>
File: images/screenshots/xdyt/player_2.png Graphic file (type png)
 <use images/screenshots/xdyt/player_2.png>
Package pdftex.def Info: images/screenshots/xdyt/player_2.png used on input line 36.
(pdftex.def)             Requested size: 405.45178pt x 250.63638pt.

[59] <images/screenshots/xdyt/controller_portrait_2.png, id=1030, 284.56313pt x 571.38469pt>
File: images/screenshots/xdyt/controller_portrait_2.png Graphic file (type png)

<use images/screenshots/xdyt/controller_portrait_2.png>
Package pdftex.def Info: images/screenshots/xdyt/controller_portrait_2.png used on input line 51.
(pdftex.def)             Requested size: 243.27353pt x 488.5041pt.
 [60 <./images/screenshots/xdyt/player_2.png>]
<images/screenshots/xdyt/controller_landscape_2.png, id=1037, 495.35063pt x 359.84438pt>
File: images/screenshots/xdyt/controller_landscape_2.png Graphic file (type png)

<use images/screenshots/xdyt/controller_landscape_2.png>
Package pdftex.def Info: images/screenshots/xdyt/controller_landscape_2.png used on input line 58.
(pdftex.def)             Requested size: 364.90413pt x 265.08368pt.
 [61 <./images/screenshots/xdyt/controller_portrait_2.png>]
[62 <./images/screenshots/xdyt/controller_landscape_2.png>]) [63] (chapters/evaluation.tex [64



]
Chapter 7.
<images/study_setup2.png, id=1055, 1927.2pt x 1084.05pt>
File: images/study_setup2.png Graphic file (type png)
 <use images/study_setup2.png>
Package pdftex.def Info: images/study_setup2.png used on input line 11.
(pdftex.def)             Requested size: 324.36266pt x 182.44998pt.
 [65] [66 <./images/study_setup2.png>] <images/charts/xp.pdf, id=1068, 492.40744pt x 259.02873pt>
File: images/charts/xp.pdf Graphic file (type pdf)
 <use images/charts/xp.pdf>
Package pdftex.def Info: images/charts/xp.pdf used on input line 49.
(pdftex.def)             Requested size: 324.36266pt x 170.63933pt.
 [67]
<images/charts/years_of_xp.pdf, id=1076, 492.40471pt x 256.2373pt>
File: images/charts/years_of_xp.pdf Graphic file (type pdf)
 <use images/charts/years_of_xp.pdf>
Package pdftex.def Info: images/charts/years_of_xp.pdf used on input line 56.
(pdftex.def)             Requested size: 324.36266pt x 168.80043pt.
 [68 <./images/charts/xp.pdf> <./images/charts/years_of_xp.pdf>] <images/charts/devtools_xp.pdf, id=1251, 490.52309pt x 
257.07744pt>
File: images/charts/devtools_xp.pdf Graphic file (type pdf)

<use images/charts/devtools_xp.pdf>
Package pdftex.def Info: images/charts/devtools_xp.pdf used on input line 69.
(pdftex.def)             Requested size: 324.36266pt x 170.00113pt.
 [69 <./images/charts/devtools_xp.pdf>] [70] [71]
<images/charts/xdc_bug_comparison.pdf, id=1378, 490.56314pt x 257.22298pt>
File: images/charts/xdc_bug_comparison.pdf Graphic file (type pdf)
 <use images/charts/xdc_bug_comparison.pdf>
Package pdftex.def Info: images/charts/xdc_bug_comparison.pdf used on input line 134.
(pdftex.def)             Requested size: 324.36266pt x 170.08559pt.

[72] <images/charts/xdc_bug_features_used.pdf, id=1388, 492.40471pt x 259.02873pt>
File: images/charts/xdc_bug_features_used.pdf Graphic file (type pdf)

<use images/charts/xdc_bug_features_used.pdf>
Package pdftex.def Info: images/charts/xdc_bug_features_used.pdf used on input line 143.
(pdftex.def)             Requested size: 324.36266pt x 170.63933pt.
 [73 <./images/charts/xdc_bug_comparison.pdf> <./images/charts/xdc_bug_features_used.pdf>] <images/charts/xdc_impl_compa
rison.pdf, id=1577, 490.52309pt x 257.07744pt>
File: images/charts/xdc_impl_comparison.pdf Graphic file (type pdf)

<use images/charts/xdc_impl_comparison.pdf>
Package pdftex.def Info: images/charts/xdc_impl_comparison.pdf used on input line 154.
(pdftex.def)             Requested size: 324.36266pt x 170.00113pt.
 [74 <./images/charts/xdc_impl_comparison.pdf>]
<images/charts/xdc_impl_features_used.pdf, id=1666, 492.41246pt x 256.17506pt>
File: images/charts/xdc_impl_features_used.pdf Graphic file (type pdf)

<use images/charts/xdc_impl_features_used.pdf>
Package pdftex.def Info: images/charts/xdc_impl_features_used.pdf used on input line 163.
(pdftex.def)             Requested size: 324.36266pt x 168.74771pt.

<images/charts/xdyt_bug_comparison.pdf, id=1668, 490.56314pt x 262.76772pt>
File: images/charts/xdyt_bug_comparison.pdf Graphic file (type pdf)
 <use images/charts/xdyt_bug_comparison.pdf>
Package pdftex.def Info: images/charts/xdyt_bug_comparison.pdf used on input line 174.
(pdftex.def)             Requested size: 324.36266pt x 173.75198pt.

[75 <./images/charts/xdc_impl_features_used.pdf> <./images/charts/xdyt_bug_comparison.pdf>]
<images/charts/xdyt_bug_features_used.pdf, id=1857, 490.52309pt x 257.07744pt>
File: images/charts/xdyt_bug_features_used.pdf Graphic file (type pdf)

<use images/charts/xdyt_bug_features_used.pdf>
Package pdftex.def Info: images/charts/xdyt_bug_features_used.pdf used on input line 183.
(pdftex.def)             Requested size: 324.36266pt x 170.00113pt.

<images/charts/xdyt_impl_comparison.pdf, id=1859, 490.52309pt x 257.07744pt>
File: images/charts/xdyt_impl_comparison.pdf Graphic file (type pdf)

<use images/charts/xdyt_impl_comparison.pdf>
Package pdftex.def Info: images/charts/xdyt_impl_comparison.pdf used on input line 194.
(pdftex.def)             Requested size: 324.36266pt x 170.00113pt.
 [76 <./images/charts/xdyt_bug_features_used.pdf>]
<images/charts/xdyt_impl_features_used.pdf, id=1958, 490.52309pt x 257.07744pt>
File: images/charts/xdyt_impl_features_used.pdf Graphic file (type pdf)

<use images/charts/xdyt_impl_features_used.pdf>
Package pdftex.def Info: images/charts/xdyt_impl_features_used.pdf used on input line 203.
(pdftex.def)             Requested size: 324.36266pt x 170.00113pt.

<images/charts/implementing_easier.pdf, id=1960, 486.67984pt x 295.08743pt>
File: images/charts/implementing_easier.pdf Graphic file (type pdf)
 <use images/charts/implementing_easier.pdf>
Package pdftex.def Info: images/charts/implementing_easier.pdf used on input line 214.
(pdftex.def)             Requested size: 243.27353pt x 147.50282pt.

[77 <./images/charts/xdyt_impl_comparison.pdf> <./images/charts/xdyt_impl_features_used.pdf>]
<images/charts/prefer_implementing.pdf, id=2158, 484.87318pt x 295.99785pt>
File: images/charts/prefer_implementing.pdf Graphic file (type pdf)
 <use images/charts/prefer_implementing.pdf>
Package pdftex.def Info: images/charts/prefer_implementing.pdf used on input line 223.
(pdftex.def)             Requested size: 243.27353pt x 148.51344pt.

<images/charts/debugging_easier.pdf, id=2160, 484.87318pt x 296.05507pt>
File: images/charts/debugging_easier.pdf Graphic file (type pdf)
 <use images/charts/debugging_easier.pdf>
Package pdftex.def Info: images/charts/debugging_easier.pdf used on input line 232.
(pdftex.def)             Requested size: 243.27353pt x 148.54214pt.

[78 <./images/charts/implementing_easier.pdf> <./images/charts/prefer_implementing.pdf>]
<images/charts/debugging_efficient.pdf, id=2261, 486.461pt x 294.9449pt>
File: images/charts/debugging_efficient.pdf Graphic file (type pdf)
 <use images/charts/debugging_efficient.pdf>
Package pdftex.def Info: images/charts/debugging_efficient.pdf used on input line 241.
(pdftex.def)             Requested size: 243.27353pt x 147.49908pt.

<images/charts/usefulness_tool.pdf, id=2263, 490.52309pt x 256.9319pt>
File: images/charts/usefulness_tool.pdf Graphic file (type pdf)
 <use images/charts/usefulness_tool.pdf>
Package pdftex.def Info: images/charts/usefulness_tool.pdf used on input line 250.
(pdftex.def)             Requested size: 324.36266pt x 169.90488pt.
 [79 <./images/charts/debugging_easier.pdf> <./images/charts/debugging_efficient.pdf>]
<images/charts/tool_general.pdf, id=2348, 490.52309pt x 256.9319pt>
File: images/charts/tool_general.pdf Graphic file (type pdf)
 <use images/charts/tool_general.pdf>
Package pdftex.def Info: images/charts/tool_general.pdf used on input line 259.
(pdftex.def)             Requested size: 324.36266pt x 169.90488pt.
 [80 <./images/charts/usefulness_tool.pdf> <./images/charts/tool_general.pdf>]
<images/charts/would_use_features.pdf, id=2545, 490.56314pt x 257.07744pt>
File: images/charts/would_use_features.pdf Graphic file (type pdf)
 <use images/charts/would_use_features.pdf>
Package pdftex.def Info: images/charts/would_use_features.pdf used on input line 268.
(pdftex.def)             Requested size: 324.36266pt x 169.98936pt.

[81 <./images/charts/would_use_features.pdf>] [82] <images/charts/n_emulated.pdf, id=2669, 506.5328pt x 272.25916pt>
File: images/charts/n_emulated.pdf Graphic file (type pdf)

<use images/charts/n_emulated.pdf>
Package pdftex.def Info: images/charts/n_emulated.pdf used on input line 293.
(pdftex.def)             Requested size: 324.36266pt x 174.3408pt.
 [83 <./images/charts/n_emulated.pdf>] [84]) [85] [86] (chapters/conclusion.tex
Chapter 8.
[87



] [88] [89]) [90]
Appendix A.
[91


] <appendix/questionnaires/general_2.pdf, id=2797, 598.235pt x 846.16125pt>
File: appendix/questionnaires/general_2.pdf Graphic file (type pdf)

<use appendix/questionnaires/general_2.pdf>
Package pdftex.def Info: appendix/questionnaires/general_2.pdf used on input line 135.
(pdftex.def)             Requested size: 598.23354pt x 846.1592pt.
File: appendix/questionnaires/general_2.pdf Graphic file (type pdf)
 <use appendix/questionnaires/general_2.pdf>
Package pdftex.def Info: appendix/questionnaires/general_2.pdf used on input line 135.
(pdftex.def)             Requested size: 598.23354pt x 846.1592pt.

<appendix/questionnaires/general_2.pdf, id=2800, page=1, 598.235pt x 846.16125pt>
File: appendix/questionnaires/general_2.pdf Graphic file (type pdf)

<use appendix/questionnaires/general_2.pdf, page 1>
Package pdftex.def Info: appendix/questionnaires/general_2.pdf, page1 used on input line 135.
(pdftex.def)             Requested size: 598.23354pt x 846.1592pt.
File: appendix/questionnaires/general_2.pdf Graphic file (type pdf)
 <use appendix/questionnaires/general_2.pdf, page 1>
Package pdftex.def Info: appendix/questionnaires/general_2.pdf, page1 used on input line 135.
(pdftex.def)             Requested size: 597.55803pt x 845.20375pt.
File: appendix/questionnaires/general_2.pdf Graphic file (type pdf)

<use appendix/questionnaires/general_2.pdf, page 1>
Package pdftex.def Info: appendix/questionnaires/general_2.pdf, page1 used on input line 135.
(pdftex.def)             Requested size: 597.55803pt x 845.20375pt.
File: appendix/questionnaires/general_2.pdf Graphic file (type pdf)
 <use appendix/questionnaires/general_2.pdf, page 1>
Package pdftex.def Info: appendix/questionnaires/general_2.pdf, page1 used on input line 135.
(pdftex.def)             Requested size: 597.55803pt x 845.20375pt.
File: appendix/questionnaires/general_2.pdf Graphic file (type pdf)

<use appendix/questionnaires/general_2.pdf, page 1>
Package pdftex.def Info: appendix/questionnaires/general_2.pdf, page1 used on input line 135.
(pdftex.def)             Requested size: 597.55803pt x 845.20375pt.
 [92 <./appendix/questionnaires/general_2.pdf

pdfTeX warning: pdflatex.exe (file ./appendix/questionnaires/general_2.pdf): PDF inclusion: invalid other resource which
 is no dict (key 'ProcSets', type <array>); ignored.
>] <appendix/questionnaires/general_2.pdf, id=2864, page=2, 598.235pt x 846.16125pt>
File: appendix/questionnaires/general_2.pdf Graphic file (type pdf)

<use appendix/questionnaires/general_2.pdf, page 2>
Package pdftex.def Info: appendix/questionnaires/general_2.pdf, page2 used on input line 135.
(pdftex.def)             Requested size: 597.55803pt x 845.20375pt.
File: appendix/questionnaires/general_2.pdf Graphic file (type pdf)
 <use appendix/questionnaires/general_2.pdf, page 2>
Package pdftex.def Info: appendix/questionnaires/general_2.pdf, page2 used on input line 135.
(pdftex.def)             Requested size: 597.55803pt x 845.20375pt.
File: appendix/questionnaires/general_2.pdf Graphic file (type pdf)

<use appendix/questionnaires/general_2.pdf, page 2>
Package pdftex.def Info: appendix/questionnaires/general_2.pdf, page2 used on input line 135.
(pdftex.def)             Requested size: 597.55803pt x 845.20375pt.
 [93 <./appendix/questionnaires/general_2.pdf

pdfTeX warning: pdflatex.exe (file ./appendix/questionnaires/general_2.pdf): PDF inclusion: invalid other resource which
 is no dict (key 'ProcSets', type <array>); ignored.
>] <appendix/questionnaires/with_tools_2.pdf, id=2925, 598.235pt x 846.16125pt>
File: appendix/questionnaires/with_tools_2.pdf Graphic file (type pdf)

<use appendix/questionnaires/with_tools_2.pdf>
Package pdftex.def Info: appendix/questionnaires/with_tools_2.pdf used on input line 137.
(pdftex.def)             Requested size: 598.23354pt x 846.1592pt.
File: appendix/questionnaires/with_tools_2.pdf Graphic file (type pdf)
 <use appendix/questionnaires/with_tools_2.pdf>
Package pdftex.def Info: appendix/questionnaires/with_tools_2.pdf used on input line 137.
(pdftex.def)             Requested size: 598.23354pt x 846.1592pt.

<appendix/questionnaires/with_tools_2.pdf, id=2928, page=1, 598.235pt x 846.16125pt>
File: appendix/questionnaires/with_tools_2.pdf Graphic file (type pdf)

<use appendix/questionnaires/with_tools_2.pdf, page 1>
Package pdftex.def Info: appendix/questionnaires/with_tools_2.pdf, page1 used on input line 137.
(pdftex.def)             Requested size: 598.23354pt x 846.1592pt.
File: appendix/questionnaires/with_tools_2.pdf Graphic file (type pdf)
 <use appendix/questionnaires/with_tools_2.pdf, page 1>
Package pdftex.def Info: appendix/questionnaires/with_tools_2.pdf, page1 used on input line 137.
(pdftex.def)             Requested size: 597.55803pt x 845.20375pt.
File: appendix/questionnaires/with_tools_2.pdf Graphic file (type pdf)

<use appendix/questionnaires/with_tools_2.pdf, page 1>
Package pdftex.def Info: appendix/questionnaires/with_tools_2.pdf, page1 used on input line 137.
(pdftex.def)             Requested size: 597.55803pt x 845.20375pt.
File: appendix/questionnaires/with_tools_2.pdf Graphic file (type pdf)
 <use appendix/questionnaires/with_tools_2.pdf, page 1>
Package pdftex.def Info: appendix/questionnaires/with_tools_2.pdf, page1 used on input line 137.
(pdftex.def)             Requested size: 597.55803pt x 845.20375pt.
File: appendix/questionnaires/with_tools_2.pdf Graphic file (type pdf)

<use appendix/questionnaires/with_tools_2.pdf, page 1>
Package pdftex.def Info: appendix/questionnaires/with_tools_2.pdf, page1 used on input line 137.
(pdftex.def)             Requested size: 597.55803pt x 845.20375pt.
 [94 <./appendix/questionnaires/with_tools_2.pdf

pdfTeX warning: pdflatex.exe (file ./appendix/questionnaires/with_tools_2.pdf): PDF inclusion: invalid other resource wh
ich is no dict (key 'ProcSets', type <array>); ignored.
>] <appendix/questionnaires/with_tools_2.pdf, id=3064, page=2, 598.235pt x 846.16125pt>
File: appendix/questionnaires/with_tools_2.pdf Graphic file (type pdf)

<use appendix/questionnaires/with_tools_2.pdf, page 2>
Package pdftex.def Info: appendix/questionnaires/with_tools_2.pdf, page2 used on input line 137.
(pdftex.def)             Requested size: 597.55803pt x 845.20375pt.
File: appendix/questionnaires/with_tools_2.pdf Graphic file (type pdf)
 <use appendix/questionnaires/with_tools_2.pdf, page 2>
Package pdftex.def Info: appendix/questionnaires/with_tools_2.pdf, page2 used on input line 137.
(pdftex.def)             Requested size: 597.55803pt x 845.20375pt.
File: appendix/questionnaires/with_tools_2.pdf Graphic file (type pdf)

<use appendix/questionnaires/with_tools_2.pdf, page 2>
Package pdftex.def Info: appendix/questionnaires/with_tools_2.pdf, page2 used on input line 137.
(pdftex.def)             Requested size: 597.55803pt x 845.20375pt.
 [95 <./appendix/questionnaires/with_tools_2.pdf

pdfTeX warning: pdflatex.exe (file ./appendix/questionnaires/with_tools_2.pdf): PDF inclusion: invalid other resource wh
ich is no dict (key 'ProcSets', type <array>); ignored.
>] <appendix/questionnaires/without_tools_2.pdf, id=3082, 598.235pt x 846.16125pt>
File: appendix/questionnaires/without_tools_2.pdf Graphic file (type pdf)

<use appendix/questionnaires/without_tools_2.pdf>
Package pdftex.def Info: appendix/questionnaires/without_tools_2.pdf used on input line 139.
(pdftex.def)             Requested size: 598.23354pt x 846.1592pt.
File: appendix/questionnaires/without_tools_2.pdf Graphic file (type pdf)
 <use appendix/questionnaires/without_tools_2.pdf>
Package pdftex.def Info: appendix/questionnaires/without_tools_2.pdf used on input line 139.
(pdftex.def)             Requested size: 598.23354pt x 846.1592pt.

<appendix/questionnaires/without_tools_2.pdf, id=3085, page=1, 598.235pt x 846.16125pt>
File: appendix/questionnaires/without_tools_2.pdf Graphic file (type pdf)

<use appendix/questionnaires/without_tools_2.pdf, page 1>
Package pdftex.def Info: appendix/questionnaires/without_tools_2.pdf, page1 used on input line 139.
(pdftex.def)             Requested size: 598.23354pt x 846.1592pt.
File: appendix/questionnaires/without_tools_2.pdf Graphic file (type pdf)
 <use appendix/questionnaires/without_tools_2.pdf, page 1>
Package pdftex.def Info: appendix/questionnaires/without_tools_2.pdf, page1 used on input line 139.
(pdftex.def)             Requested size: 597.55803pt x 845.20375pt.
File: appendix/questionnaires/without_tools_2.pdf Graphic file (type pdf)

<use appendix/questionnaires/without_tools_2.pdf, page 1>
Package pdftex.def Info: appendix/questionnaires/without_tools_2.pdf, page1 used on input line 139.
(pdftex.def)             Requested size: 597.55803pt x 845.20375pt.
File: appendix/questionnaires/without_tools_2.pdf Graphic file (type pdf)
 <use appendix/questionnaires/without_tools_2.pdf, page 1>
Package pdftex.def Info: appendix/questionnaires/without_tools_2.pdf, page1 used on input line 139.
(pdftex.def)             Requested size: 597.55803pt x 845.20375pt.
File: appendix/questionnaires/without_tools_2.pdf Graphic file (type pdf)

<use appendix/questionnaires/without_tools_2.pdf, page 1>
Package pdftex.def Info: appendix/questionnaires/without_tools_2.pdf, page1 used on input line 139.
(pdftex.def)             Requested size: 597.55803pt x 845.20375pt.
 [96 <./appendix/questionnaires/without_tools_2.pdf

pdfTeX warning: pdflatex.exe (file ./appendix/questionnaires/without_tools_2.pdf): PDF inclusion: invalid other resource
 which is no dict (key 'ProcSets', type <array>); ignored.
>] <appendix/questionnaires/without_tools_2.pdf, id=3156, page=2, 598.235pt x 846.16125pt>
File: appendix/questionnaires/without_tools_2.pdf Graphic file (type pdf)

<use appendix/questionnaires/without_tools_2.pdf, page 2>
Package pdftex.def Info: appendix/questionnaires/without_tools_2.pdf, page2 used on input line 139.
(pdftex.def)             Requested size: 597.55803pt x 845.20375pt.
File: appendix/questionnaires/without_tools_2.pdf Graphic file (type pdf)
 <use appendix/questionnaires/without_tools_2.pdf, page 2>
Package pdftex.def Info: appendix/questionnaires/without_tools_2.pdf, page2 used on input line 139.
(pdftex.def)             Requested size: 597.55803pt x 845.20375pt.
File: appendix/questionnaires/without_tools_2.pdf Graphic file (type pdf)

<use appendix/questionnaires/without_tools_2.pdf, page 2>
Package pdftex.def Info: appendix/questionnaires/without_tools_2.pdf, page2 used on input line 139.
(pdftex.def)             Requested size: 597.55803pt x 845.20375pt.
 [97 <./appendix/questionnaires/without_tools_2.pdf

pdfTeX warning: pdflatex.exe (file ./appendix/questionnaires/without_tools_2.pdf): PDF inclusion: invalid other resource
 which is no dict (key 'ProcSets', type <array>); ignored.
>] <appendix/questionnaires/concluding_2.pdf, id=3166, 598.235pt x 846.16125pt>
File: appendix/questionnaires/concluding_2.pdf Graphic file (type pdf)

<use appendix/questionnaires/concluding_2.pdf>
Package pdftex.def Info: appendix/questionnaires/concluding_2.pdf used on input line 141.
(pdftex.def)             Requested size: 598.23354pt x 846.1592pt.
File: appendix/questionnaires/concluding_2.pdf Graphic file (type pdf)
 <use appendix/questionnaires/concluding_2.pdf>
Package pdftex.def Info: appendix/questionnaires/concluding_2.pdf used on input line 141.
(pdftex.def)             Requested size: 598.23354pt x 846.1592pt.

<appendix/questionnaires/concluding_2.pdf, id=3169, page=1, 598.235pt x 846.16125pt>
File: appendix/questionnaires/concluding_2.pdf Graphic file (type pdf)

<use appendix/questionnaires/concluding_2.pdf, page 1>
Package pdftex.def Info: appendix/questionnaires/concluding_2.pdf, page1 used on input line 141.
(pdftex.def)             Requested size: 598.23354pt x 846.1592pt.
File: appendix/questionnaires/concluding_2.pdf Graphic file (type pdf)
 <use appendix/questionnaires/concluding_2.pdf, page 1>
Package pdftex.def Info: appendix/questionnaires/concluding_2.pdf, page1 used on input line 141.
(pdftex.def)             Requested size: 597.55803pt x 845.20375pt.
File: appendix/questionnaires/concluding_2.pdf Graphic file (type pdf)

<use appendix/questionnaires/concluding_2.pdf, page 1>
Package pdftex.def Info: appendix/questionnaires/concluding_2.pdf, page1 used on input line 141.
(pdftex.def)             Requested size: 597.55803pt x 845.20375pt.
File: appendix/questionnaires/concluding_2.pdf Graphic file (type pdf)
 <use appendix/questionnaires/concluding_2.pdf, page 1>
Package pdftex.def Info: appendix/questionnaires/concluding_2.pdf, page1 used on input line 141.
(pdftex.def)             Requested size: 597.55803pt x 845.20375pt.
File: appendix/questionnaires/concluding_2.pdf Graphic file (type pdf)

<use appendix/questionnaires/concluding_2.pdf, page 1>
Package pdftex.def Info: appendix/questionnaires/concluding_2.pdf, page1 used on input line 141.
(pdftex.def)             Requested size: 597.55803pt x 845.20375pt.
 [98 <./appendix/questionnaires/concluding_2.pdf

pdfTeX warning: pdflatex.exe (file ./appendix/questionnaires/concluding_2.pdf): PDF inclusion: invalid other resource wh
ich is no dict (key 'ProcSets', type <array>); ignored.
>] <appendix/questionnaires/concluding_2.pdf, id=3239, page=2, 598.235pt x 846.16125pt>
File: appendix/questionnaires/concluding_2.pdf Graphic file (type pdf)

<use appendix/questionnaires/concluding_2.pdf, page 2>
Package pdftex.def Info: appendix/questionnaires/concluding_2.pdf, page2 used on input line 141.
(pdftex.def)             Requested size: 597.55803pt x 845.20375pt.
File: appendix/questionnaires/concluding_2.pdf Graphic file (type pdf)
 <use appendix/questionnaires/concluding_2.pdf, page 2>
Package pdftex.def Info: appendix/questionnaires/concluding_2.pdf, page2 used on input line 141.
(pdftex.def)             Requested size: 597.55803pt x 845.20375pt.
File: appendix/questionnaires/concluding_2.pdf Graphic file (type pdf)

<use appendix/questionnaires/concluding_2.pdf, page 2>
Package pdftex.def Info: appendix/questionnaires/concluding_2.pdf, page2 used on input line 141.
(pdftex.def)             Requested size: 597.55803pt x 845.20375pt.
 [99 <./appendix/questionnaires/concluding_2.pdf

pdfTeX warning: pdflatex.exe (file ./appendix/questionnaires/concluding_2.pdf): PDF inclusion: invalid other resource wh
ich is no dict (key 'ProcSets', type <array>); ignored.
>] <appendix/questionnaires/concluding_2.pdf, id=3316, page=3, 598.235pt x 846.16125pt>
File: appendix/questionnaires/concluding_2.pdf Graphic file (type pdf)

<use appendix/questionnaires/concluding_2.pdf, page 3>
Package pdftex.def Info: appendix/questionnaires/concluding_2.pdf, page3 used on input line 141.
(pdftex.def)             Requested size: 597.55803pt x 845.20375pt.
File: appendix/questionnaires/concluding_2.pdf Graphic file (type pdf)
 <use appendix/questionnaires/concluding_2.pdf, page 3>
Package pdftex.def Info: appendix/questionnaires/concluding_2.pdf, page3 used on input line 141.
(pdftex.def)             Requested size: 597.55803pt x 845.20375pt.
File: appendix/questionnaires/concluding_2.pdf Graphic file (type pdf)

<use appendix/questionnaires/concluding_2.pdf, page 3>
Package pdftex.def Info: appendix/questionnaires/concluding_2.pdf, page3 used on input line 141.
(pdftex.def)             Requested size: 597.55803pt x 845.20375pt.
 [100 <./appendix/questionnaires/concluding_2.pdf

pdfTeX warning: pdflatex.exe (file ./appendix/questionnaires/concluding_2.pdf): PDF inclusion: invalid other resource wh
ich is no dict (key 'ProcSets', type <array>); ignored.
>]
Appendix B.
[101

] <appendix/tasks/xdyt-bug.pdf, id=3350, 597.55246pt x 845.07718pt>
File: appendix/tasks/xdyt-bug.pdf Graphic file (type pdf)
 <use appendix/tasks/xdyt-bug.pdf>
Package pdftex.def Info: appendix/tasks/xdyt-bug.pdf used on input line 146.
(pdftex.def)             Requested size: 597.551pt x 845.07512pt.
File: appendix/tasks/xdyt-bug.pdf Graphic file (type pdf)

<use appendix/tasks/xdyt-bug.pdf>
Package pdftex.def Info: appendix/tasks/xdyt-bug.pdf used on input line 146.
(pdftex.def)             Requested size: 597.551pt x 845.07512pt.
 <appendix/tasks/xdyt-bug.pdf, id=3353, page=1, 597.55246pt x 845.07718pt>
File: appendix/tasks/xdyt-bug.pdf Graphic file (type pdf)

<use appendix/tasks/xdyt-bug.pdf, page 1>
Package pdftex.def Info: appendix/tasks/xdyt-bug.pdf, page1 used on input line 146.
(pdftex.def)             Requested size: 597.551pt x 845.07512pt.
File: appendix/tasks/xdyt-bug.pdf Graphic file (type pdf)
 <use appendix/tasks/xdyt-bug.pdf, page 1>
Package pdftex.def Info: appendix/tasks/xdyt-bug.pdf, page1 used on input line 146.
(pdftex.def)             Requested size: 597.57834pt x 845.1138pt.
File: appendix/tasks/xdyt-bug.pdf Graphic file (type pdf)

<use appendix/tasks/xdyt-bug.pdf, page 1>
Package pdftex.def Info: appendix/tasks/xdyt-bug.pdf, page1 used on input line 146.
(pdftex.def)             Requested size: 597.57834pt x 845.1138pt.
File: appendix/tasks/xdyt-bug.pdf Graphic file (type pdf)
 <use appendix/tasks/xdyt-bug.pdf, page 1>
Package pdftex.def Info: appendix/tasks/xdyt-bug.pdf, page1 used on input line 146.
(pdftex.def)             Requested size: 597.57834pt x 845.1138pt.
File: appendix/tasks/xdyt-bug.pdf Graphic file (type pdf)

<use appendix/tasks/xdyt-bug.pdf, page 1>
Package pdftex.def Info: appendix/tasks/xdyt-bug.pdf, page1 used on input line 146.
(pdftex.def)             Requested size: 597.57834pt x 845.1138pt.
 [102 <./appendix/tasks/xdyt-bug.pdf>]
<appendix/tasks/xdyt-impl.pdf, id=3373, 597.55246pt x 845.07718pt>
File: appendix/tasks/xdyt-impl.pdf Graphic file (type pdf)
 <use appendix/tasks/xdyt-impl.pdf>
Package pdftex.def Info: appendix/tasks/xdyt-impl.pdf used on input line 148.
(pdftex.def)             Requested size: 597.551pt x 845.07512pt.
File: appendix/tasks/xdyt-impl.pdf Graphic file (type pdf)

<use appendix/tasks/xdyt-impl.pdf>
Package pdftex.def Info: appendix/tasks/xdyt-impl.pdf used on input line 148.
(pdftex.def)             Requested size: 597.551pt x 845.07512pt.
 <appendix/tasks/xdyt-impl.pdf, id=3376, page=1, 597.55246pt x 845.07718pt>
File: appendix/tasks/xdyt-impl.pdf Graphic file (type pdf)

<use appendix/tasks/xdyt-impl.pdf, page 1>
Package pdftex.def Info: appendix/tasks/xdyt-impl.pdf, page1 used on input line 148.
(pdftex.def)             Requested size: 597.551pt x 845.07512pt.
File: appendix/tasks/xdyt-impl.pdf Graphic file (type pdf)
 <use appendix/tasks/xdyt-impl.pdf, page 1>
Package pdftex.def Info: appendix/tasks/xdyt-impl.pdf, page1 used on input line 148.
(pdftex.def)             Requested size: 597.57834pt x 845.1138pt.
File: appendix/tasks/xdyt-impl.pdf Graphic file (type pdf)

<use appendix/tasks/xdyt-impl.pdf, page 1>
Package pdftex.def Info: appendix/tasks/xdyt-impl.pdf, page1 used on input line 148.
(pdftex.def)             Requested size: 597.57834pt x 845.1138pt.
File: appendix/tasks/xdyt-impl.pdf Graphic file (type pdf)
 <use appendix/tasks/xdyt-impl.pdf, page 1>
Package pdftex.def Info: appendix/tasks/xdyt-impl.pdf, page1 used on input line 148.
(pdftex.def)             Requested size: 597.57834pt x 845.1138pt.
File: appendix/tasks/xdyt-impl.pdf Graphic file (type pdf)

<use appendix/tasks/xdyt-impl.pdf, page 1>
Package pdftex.def Info: appendix/tasks/xdyt-impl.pdf, page1 used on input line 148.
(pdftex.def)             Requested size: 597.57834pt x 845.1138pt.
 [103 <./appendix/tasks/xdyt-impl.pdf>]
<appendix/tasks/xdc-bug.pdf, id=3403, 597.55246pt x 845.07718pt>
File: appendix/tasks/xdc-bug.pdf Graphic file (type pdf)
 <use appendix/tasks/xdc-bug.pdf>
Package pdftex.def Info: appendix/tasks/xdc-bug.pdf used on input line 150.
(pdftex.def)             Requested size: 597.551pt x 845.07512pt.
File: appendix/tasks/xdc-bug.pdf Graphic file (type pdf)

<use appendix/tasks/xdc-bug.pdf>
Package pdftex.def Info: appendix/tasks/xdc-bug.pdf used on input line 150.
(pdftex.def)             Requested size: 597.551pt x 845.07512pt.
 <appendix/tasks/xdc-bug.pdf, id=3406, page=1, 597.55246pt x 845.07718pt>
File: appendix/tasks/xdc-bug.pdf Graphic file (type pdf)

<use appendix/tasks/xdc-bug.pdf, page 1>
Package pdftex.def Info: appendix/tasks/xdc-bug.pdf, page1 used on input line 150.
(pdftex.def)             Requested size: 597.551pt x 845.07512pt.
File: appendix/tasks/xdc-bug.pdf Graphic file (type pdf)
 <use appendix/tasks/xdc-bug.pdf, page 1>
Package pdftex.def Info: appendix/tasks/xdc-bug.pdf, page1 used on input line 150.
(pdftex.def)             Requested size: 597.57834pt x 845.1138pt.
File: appendix/tasks/xdc-bug.pdf Graphic file (type pdf)

<use appendix/tasks/xdc-bug.pdf, page 1>
Package pdftex.def Info: appendix/tasks/xdc-bug.pdf, page1 used on input line 150.
(pdftex.def)             Requested size: 597.57834pt x 845.1138pt.
File: appendix/tasks/xdc-bug.pdf Graphic file (type pdf)
 <use appendix/tasks/xdc-bug.pdf, page 1>
Package pdftex.def Info: appendix/tasks/xdc-bug.pdf, page1 used on input line 150.
(pdftex.def)             Requested size: 597.57834pt x 845.1138pt.
File: appendix/tasks/xdc-bug.pdf Graphic file (type pdf)

<use appendix/tasks/xdc-bug.pdf, page 1>
Package pdftex.def Info: appendix/tasks/xdc-bug.pdf, page1 used on input line 150.
(pdftex.def)             Requested size: 597.57834pt x 845.1138pt.
 [104 <./appendix/tasks/xdc-bug.pdf>]
<appendix/tasks/xdc-impl.pdf, id=3426, 597.55246pt x 845.07718pt>
File: appendix/tasks/xdc-impl.pdf Graphic file (type pdf)
 <use appendix/tasks/xdc-impl.pdf>
Package pdftex.def Info: appendix/tasks/xdc-impl.pdf used on input line 152.
(pdftex.def)             Requested size: 597.551pt x 845.07512pt.
File: appendix/tasks/xdc-impl.pdf Graphic file (type pdf)

<use appendix/tasks/xdc-impl.pdf>
Package pdftex.def Info: appendix/tasks/xdc-impl.pdf used on input line 152.
(pdftex.def)             Requested size: 597.551pt x 845.07512pt.
 <appendix/tasks/xdc-impl.pdf, id=3429, page=1, 597.55246pt x 845.07718pt>
File: appendix/tasks/xdc-impl.pdf Graphic file (type pdf)

<use appendix/tasks/xdc-impl.pdf, page 1>
Package pdftex.def Info: appendix/tasks/xdc-impl.pdf, page1 used on input line 152.
(pdftex.def)             Requested size: 597.551pt x 845.07512pt.
File: appendix/tasks/xdc-impl.pdf Graphic file (type pdf)
 <use appendix/tasks/xdc-impl.pdf, page 1>
Package pdftex.def Info: appendix/tasks/xdc-impl.pdf, page1 used on input line 152.
(pdftex.def)             Requested size: 597.57834pt x 845.1138pt.
File: appendix/tasks/xdc-impl.pdf Graphic file (type pdf)

<use appendix/tasks/xdc-impl.pdf, page 1>
Package pdftex.def Info: appendix/tasks/xdc-impl.pdf, page1 used on input line 152.
(pdftex.def)             Requested size: 597.57834pt x 845.1138pt.
File: appendix/tasks/xdc-impl.pdf Graphic file (type pdf)
 <use appendix/tasks/xdc-impl.pdf, page 1>
Package pdftex.def Info: appendix/tasks/xdc-impl.pdf, page1 used on input line 152.
(pdftex.def)             Requested size: 597.57834pt x 845.1138pt.
File: appendix/tasks/xdc-impl.pdf Graphic file (type pdf)

<use appendix/tasks/xdc-impl.pdf, page 1>
Package pdftex.def Info: appendix/tasks/xdc-impl.pdf, page1 used on input line 152.
(pdftex.def)             Requested size: 597.57834pt x 845.1138pt.
 [105 <./appendix/tasks/xdc-impl.pdf>] [106

] (student-work-template.lof
[107])
\tf@lof=\write6
 [108] (student-work-template.lot)
\tf@lot=\write7
 [109

] [110

] [111] (student-work-template.bbl [112

] [113])
Package atveryend Info: Empty hook `BeforeClearDocument' on input line 168.
 [114]
Package atveryend Info: Empty hook `AfterLastShipout' on input line 168.

(student-work-template.aux (chapters/introduction.aux) (chapters/background.aux) (chapters/requirements.aux)
(chapters/xdtools.aux) (chapters/implementation.aux) (chapters/sample_apps.aux) (chapters/evaluation.aux)
(chapters/conclusion.aux))
Package atveryend Info: Executing hook `AtVeryEndDocument' on input line 168.
Package atveryend Info: Executing hook `AtEndAfterFileList' on input line 168.
Package rerunfilecheck Info: File `student-work-template.out' has not changed.
(rerunfilecheck)             Checksum: 20B6917472630ED2C7C7D90F19A5BF68;6108.
Package atveryend Info: Empty hook `AtVeryVeryEnd' on input line 168.
 ) 
Here is how much of TeX's memory you used:
 11002 strings out of 493673
 173614 string characters out of 3141120
 266028 words of memory out of 3000000
 13644 multiletter control sequences out of 15000+200000
 129842 words of font info for 75 fonts, out of 3000000 for 9000
 1025 hyphenation exceptions out of 8191
 42i,18n,51p,3592b,1046s stack positions out of 5000i,500n,10000p,200000b,50000s
{C:/Program Files (x86)/MiKTeX 2.91/fonts/enc/dvips/fontname/8r.enc}<C:/Program Files (x86)/MiKTeX 2.91/fonts/type1/pu
blic/amsfonts/cm/cmmi12.pfb><C:/Users/heydern/AppData/Roaming/MiKTeX/2.9/fonts/type1/ETH/letb8a.pfb><C:/Users/heydern/Ap
pData/Roaming/MiKTeX/2.9/fonts/type1/ETH/letr8a.pfb><C:/Users/heydern/AppData/Roaming/MiKTeX/2.9/fonts/type1/ETH/letri8a
.pfb><C:/Program Files (x86)/MiKTeX 2.91/fonts/type1/urw/courier/ucrr8a.pfb><C:/Program Files (x86)/MiKTeX 2.91/fonts/ty
pe1/urw/helvetic/uhvb8a.pfb><C:/Program Files (x86)/MiKTeX 2.91/fonts/type1/urw/times/utmr8a.pfb><C:/Program Files (x86)
/MiKTeX 2.91/fonts/type1/urw/times/utmri8a.pfb>
Output written on student-work-template.pdf (122 pages, 13398264 bytes).
PDF statistics:
 3662 PDF objects out of 4296 (max. 8388607)
 379 named destinations out of 1000 (max. 500000)
 1104 words of extra memory for PDF output out of 10000 (max. 10000000)

